Arguments: 
  /usr/bin/node /usr/share/yarn/bin/yarn.js

PATH: 
  /home/jonas/.zplugin/polaris/bin:/usr/local/sbin:/usr/local/bin:/usr/sbin:/usr/bin:/sbin:/bin:/usr/games:/usr/local/games

Yarn version: 
  1.19.1

Node version: 
  12.13.1

Platform: 
  linux x64

Trace: 
  SyntaxError: /home/jonas/Área de Trabalho/fish-app/package.json: Unexpected token } in JSON at position 297
      at JSON.parse (<anonymous>)
      at /usr/share/yarn/lib/cli.js:1625:59
      at Generator.next (<anonymous>)
      at step (/usr/share/yarn/lib/cli.js:304:30)
      at /usr/share/yarn/lib/cli.js:315:13

npm manifest: 
  {
    "name": "api",
    "main": "index.js",
    "scripts": {
      "start": "nodemon ./src/index.js"
    },
    "dependencies": {
      "bcrypt": "^3.0.6",
      "body-parser": "^1.19.0",
      "cors": "^2.8.5",
      "dotenv-safe": "^8.1.0",
      "express": "^4.17.1",
      "has-cors": "^1.1.0",
      "jsonwebtoken": "^8.5.1",
      "morgan": "^1.9.1",
      "multer": "^1.4.2",
      "mysql": "^2.17.1",
      "socket.io": "^2.3.0",
      "socket.io-redis": "^5.2.0"
    },
    "version": "",
    "devDependencies": {
      "nodemon": "^1.19.1"
    }
  }

yarn manifest: 
  No manifest

Lockfile: 
  No lockfile
